
 ########################################## 
EPOCH: 413
input: compassion
target: love
isCorrect: True
topN: ['love', 'beauty', 'Follow', 'success']

input: quote
target: success
isCorrect: True
topN: ['success', 'entrepreneur', 'business', 'RT']

input: live
target: stream
isCorrect: True
topN: ['stream', 'Follow', 'news', 'SoundCloud']

input: coach
target: auction
isCorrect: True
topN: ['auction', 'giveaway', 'Giveaway', 'fashion']

input: moms
target: babies
isCorrect: True
topN: ['babies', 'Healthcare', 'Nursing', 'jobs']

input: rings
target: beauty
isCorrect: True
topN: ['beauty', 'fashion', 'makeup', 'love']

input: travel
target: holidays
isCorrect: True
topN: ['holidays', 'travel', 'Retail', 'Giveaway']

input: Jacksonville
target: FL
isCorrect: True
topN: ['FL', 'TX', 'CA', 'Marketing']

input: adventure
target: holidays
isCorrect: True
topN: ['travel', 'holidays', 'Weather', 'Hospitality']

input: Saturn
target: Sagittarius
isCorrect: True
topN: ['Sagittarius', 'Libra', 'Capricorn', 'Scorpio']

input: Timberwolves
target: NBA
isCorrect: True
topN: ['NBA', 'NFL', 'Steelers', 'Retail']

input: travel
target: holidays
isCorrect: True
topN: ['holidays', 'travel', 'Retail', 'Giveaway']

input: win
target: Giveaway
isCorrect: True
topN: ['giveaway', 'Giveaway', 'free', 'auction']

input: cleveland
target: browns
isCorrect: True
topN: ['browns', 'deco', 'news', 'beauty']

input: Ascendant
target: Scorpio
isCorrect: True
topN: ['Libra', 'Scorpio', 'Sagittarius', 'Capricorn']

input: Ascendant
target: Sagittarius
isCorrect: True
topN: ['Libra', 'Scorpio', 'Sagittarius', 'Capricorn']

input: Ascendant
target: Scorpio
isCorrect: True
topN: ['Libra', 'Scorpio', 'Sagittarius', 'Capricorn']

input: win
target: free
isCorrect: True
topN: ['giveaway', 'Giveaway', 'free', 'auction']

input: job
target: IT
isCorrect: False
topN: ['Retail', 'Hospitality', 'Healthcare', 'Nursing']

input: travel
target: holidays
isCorrect: True
topN: ['holidays', 'travel', 'Retail', 'Giveaway']

input: lego
target: build
isCorrect: True
topN: ['build', 'design', 'Follow', 'marketing']

input: travel
target: holidays
isCorrect: True
topN: ['holidays', 'travel', 'Retail', 'Giveaway']

input: travel
target: holidays
isCorrect: True
topN: ['holidays', 'travel', 'Retail', 'Giveaway']

input: Houston
target: TX
isCorrect: True
topN: ['TX', 'FL', 'CA', 'Tech']

input: Romance
target: win
isCorrect: True
topN: ['win', 'success', 'fashion', 'giveaway']

input: MLM
target: success
isCorrect: False
topN: ['entrepreneur', 'business', 'Startups', 'marketing']

input: Hot
target: Shoes
isCorrect: True
topN: ['Music', 'NBA', 'Shoes', 'NFL']

input: Facebook
target: Marketing
isCorrect: False
topN: ['business', 'marketing', 'entrepreneur', 'Retail']

input: Mizuno
target: Shoes
isCorrect: True
topN: ['fashion', 'Shoes', 'business', 'travel']

input: Jesus
target: quote
isCorrect: True
topN: ['quote', 'quotes', 'news', 'Job']

input: start
target: success
isCorrect: False
topN: ['Marketing', 'giveaway', 'Giveaway', 'Retail']

input: travel
target: holidays
isCorrect: True
topN: ['holidays', 'travel', 'Retail', 'Giveaway']

input: GSW
target: NBA
isCorrect: False
topN: ['Weather', 'News', 'Retail', 'Job']

input: travel
target: holidays
isCorrect: True
topN: ['holidays', 'travel', 'Retail', 'Giveaway']

input: giveaway
target: win
isCorrect: True
topN: ['win', 'success', 'fashion', 'deals']

input: travel
target: holidays
isCorrect: True
topN: ['holidays', 'travel', 'Retail', 'Giveaway']

input: lego
target: build
isCorrect: True
topN: ['build', 'design', 'Follow', 'marketing']

input: equipment
target: free
isCorrect: False
topN: ['news', 'Tech', 'SoundCloud', 'RT']

input: Ascendant
target: Sagittarius
isCorrect: True
topN: ['Libra', 'Scorpio', 'Sagittarius', 'Capricorn']

input: Ascendant
target: Sagittarius
isCorrect: True
topN: ['Libra', 'Scorpio', 'Sagittarius', 'Capricorn']

input: cleveland
target: browns
isCorrect: True
topN: ['browns', 'deco', 'news', 'beauty']

input: android
target: free
isCorrect: True
topN: ['free', 'news', 'RT', 'giveaway']

input: LosAngeles
target: CA
isCorrect: True
topN: ['CA', 'FL', 'USA', 'TX']

input: vampire
target: Marketing
isCorrect: False
topN: ['love', 'beauty', 'deals', 'fashion']

input: Sport
target: Shoes
isCorrect: True
topN: ['Shoes', 'Buzz', 'Job', 'fashion']

input: health
target: love
isCorrect: False
topN: ['fitness', 'beauty', 'health', 'fashion']

input: cleveland
target: browns
isCorrect: True
topN: ['browns', 'deco', 'news', 'beauty']

input: Ascendant
target: Scorpio
isCorrect: True
topN: ['Libra', 'Scorpio', 'Sagittarius', 'Capricorn']

input: Leadership
target: quote
isCorrect: True
topN: ['quote', 'quotes', 'Marketing', 'marketing']

input: salon
target: beauty
isCorrect: True
topN: ['fashion', 'style', 'beauty', 'music']

input: handmade
target: fashion
isCorrect: True
topN: ['fashion', 'Steelers', 'NFL', 'style']

input: Houston
target: TX
isCorrect: True
topN: ['TX', 'FL', 'CA', 'Tech']

input: Miami
target: FL
isCorrect: True
topN: ['FL', 'TX', 'CA', 'Hospitality']

input: MAGA
target: privacy
isCorrect: True
topN: ['privacy', 'Buzz', 'health', 'Trump']

input: Win
target: Giveaway
isCorrect: True
topN: ['Giveaway', 'giveaway', 'auction', 'Cards']

input: travel
target: holidays
isCorrect: True
topN: ['holidays', 'travel', 'Retail', 'Giveaway']

input: Cavaliers
target: NBA
isCorrect: True
topN: ['NBA', 'NFL', 'Steelers', 'Retail']

input: Basketball
target: NBA
isCorrect: True
topN: ['Buzz', 'NBA', 'NFL', 'Marketing']

input: Fresno
target: CA
isCorrect: True
topN: ['CA', 'FL', 'TX', 'USA']

input: UGG
target: auction
isCorrect: True
topN: ['auction', 'giveaway', 'Giveaway', 'fashion']

input: comicbook
target: free
isCorrect: False
topN: ['Buzz', 'News', 'news', 'quotes']

input: Ascendant
target: Capricorn
isCorrect: True
topN: ['Libra', 'Scorpio', 'Sagittarius', 'Capricorn']

input: Ventura
target: CA
isCorrect: True
topN: ['CA', 'FL', 'TX', 'USA']

input: Competition
target: win
isCorrect: True
topN: ['win', 'success', 'fashion', 'style']

input: followers
target: fashion
isCorrect: True
topN: ['news', 'deals', 'business', 'fashion']

input: Finance
target: Startups
isCorrect: True
topN: ['Startups', 'entrepreneur', 'IT', 'SoundCloud']

input: inspiration
target: success
isCorrect: False
topN: ['quotes', 'quote', 'news', 'News']

input: Athletic
target: Shoes
isCorrect: True
topN: ['Shoes', 'fashion', 'Job', 'Cards']

input: life
target: quote
isCorrect: False
topN: ['business', 'music', 'marketing', 'Music']

input: beauty
target: fashion
isCorrect: True
topN: ['makeup', 'beauty', 'fashion', 'giveaway']

input: cleveland
target: browns
isCorrect: True
topN: ['browns', 'deco', 'news', 'beauty']

input: smallbusiness
target: entrepreneur
isCorrect: True
topN: ['business', 'entrepreneur', 'marketing', 'Marketing']

input: cleveland
target: browns
isCorrect: True
topN: ['browns', 'deco', 'news', 'beauty']

input: MAGA
target: privacy
isCorrect: True
topN: ['privacy', 'Buzz', 'health', 'Trump']

input: truth
target: success
isCorrect: True
topN: ['success', 'quote', 'quotes', 'news']

input: travel
target: holidays
isCorrect: True
topN: ['holidays', 'travel', 'Retail', 'Giveaway']

input: jobs
target: TX
isCorrect: False
topN: ['business', 'marketing', 'entrepreneur', 'Retail']

input: fragrance
target: beauty
isCorrect: True
topN: ['beauty', 'fashion', 'makeup', 'love']

input: giveaways
target: free
isCorrect: True
topN: ['free', 'giveaway', 'deals', 'Giveaway']

input: cleveland
target: browns
isCorrect: True
topN: ['browns', 'deco', 'news', 'beauty']

input: Miami
target: FL
isCorrect: True
topN: ['FL', 'TX', 'CA', 'Hospitality']

input: MINDSET
target: quote
isCorrect: False
topN: ['fashion', 'entrepreneur', 'success', 'Buzz']

input: travel
target: holidays
isCorrect: True
topN: ['holidays', 'travel', 'Retail', 'Giveaway']

input: Carrollton
target: TX
isCorrect: True
topN: ['TX', 'FL', 'CA', 'Tech']

input: cleveland
target: browns
isCorrect: True
topN: ['browns', 'deco', 'news', 'beauty']

input: celebrate
target: love
isCorrect: True
topN: ['love', 'success', 'fashion', 'business']

input: moms
target: babies
isCorrect: True
topN: ['babies', 'Healthcare', 'Nursing', 'jobs']

input: jewelry
target: beauty
isCorrect: True
topN: ['beauty', 'fashion', 'love', 'makeup']

input: travel
target: holidays
isCorrect: True
topN: ['holidays', 'travel', 'Retail', 'Giveaway']

input: potter
target: love
isCorrect: False
topN: ['RT', 'Retail', 'Cards', 'Marketing']

input: hiring
target: IT
isCorrect: False
topN: ['Job', 'job', 'jobs', 'Retail']

input: giveaway
target: win
isCorrect: True
topN: ['win', 'success', 'fashion', 'deals']

input: Pluto
target: Capricorn
isCorrect: True
topN: ['Capricorn', 'Sagittarius', 'Libra', 'Scorpio']

input: Ascendant
target: Sagittarius
isCorrect: True
topN: ['Libra', 'Scorpio', 'Sagittarius', 'Capricorn']

input: Ascendant
target: Scorpio
isCorrect: True
topN: ['Libra', 'Scorpio', 'Sagittarius', 'Capricorn']

input: Ascendant
target: Scorpio
isCorrect: True
topN: ['Libra', 'Scorpio', 'Sagittarius', 'Capricorn']

input: architecture
target: deco
isCorrect: True
topN: ['design', 'deco', 'style', 'fashion']

input: slots
target: free
isCorrect: False
topN: ['Retail', 'business', 'Marketing', 'Hospitality']

input: Pluto
target: Capricorn
isCorrect: True
topN: ['Capricorn', 'Sagittarius', 'Libra', 'Scorpio']

input: moms
target: babies
isCorrect: True
topN: ['babies', 'Healthcare', 'Nursing', 'jobs']

input: architecture
target: deco
isCorrect: True
topN: ['design', 'deco', 'style', 'fashion']

input: moms
target: babies
isCorrect: True
topN: ['babies', 'Healthcare', 'Nursing', 'jobs']

input: porsche
target: auction
isCorrect: True
topN: ['auction', 'giveaway', 'Giveaway', 'business']

input: NEWS
target: fashion
isCorrect: False
topN: ['RT', 'Buzz', 'News', 'np']

input: Antioch
target: CA
isCorrect: True
topN: ['CA', 'FL', 'TX', 'USA']

input: guide
target: free
isCorrect: False
topN: ['success', 'news', 'RT', 'business']

input: Ascendant
target: Capricorn
isCorrect: True
topN: ['Libra', 'Scorpio', 'Sagittarius', 'Capricorn']

input: lego
target: build
isCorrect: True
topN: ['build', 'design', 'Follow', 'marketing']

input: Finance
target: Startups
isCorrect: True
topN: ['Startups', 'entrepreneur', 'IT', 'SoundCloud']

input: UGG
target: auction
isCorrect: True
topN: ['auction', 'giveaway', 'Giveaway', 'fashion']

input: MAGA
target: privacy
isCorrect: True
topN: ['privacy', 'Buzz', 'health', 'Trump']

input: Austin
target: TX
isCorrect: True
topN: ['TX', 'FL', 'CA', 'Tech']

input: mindset
target: success
isCorrect: True
topN: ['success', 'entrepreneur', 'business', 'Startups']

input: Spring
target: TX
isCorrect: False
topN: ['fashion', 'news', 'Weather', 'News']

input: win
target: holidays
isCorrect: False
topN: ['giveaway', 'Giveaway', 'free', 'auction']

input: life
target: success
isCorrect: False
topN: ['business', 'music', 'marketing', 'Music']

input: makeup
target: beauty
isCorrect: True
topN: ['beauty', 'fashion', 'love', 'makeup']

input: Finance
target: Startups
isCorrect: True
topN: ['Startups', 'entrepreneur', 'IT', 'SoundCloud']

input: Ascendant
target: Capricorn
isCorrect: True
topN: ['Libra', 'Scorpio', 'Sagittarius', 'Capricorn']

input: amazon
target: fashion
isCorrect: True
topN: ['fashion', 'giveaway', 'beauty', 'news']

input: architecture
target: deco
isCorrect: True
topN: ['design', 'deco', 'style', 'fashion']

input: live
target: stream
isCorrect: True
topN: ['stream', 'Follow', 'news', 'SoundCloud']

input: Ascendant
target: Capricorn
isCorrect: True
topN: ['Libra', 'Scorpio', 'Sagittarius', 'Capricorn']

input: live
target: stream
isCorrect: True
topN: ['stream', 'Follow', 'news', 'SoundCloud']

input: freebies
target: free
isCorrect: True
topN: ['giveaway', 'Giveaway', 'free', 'auction']

input: architecture
target: deco
isCorrect: True
topN: ['design', 'deco', 'style', 'fashion']

input: moms
target: babies
isCorrect: True
topN: ['babies', 'Healthcare', 'Nursing', 'jobs']

input: music
target: free
isCorrect: False
topN: ['news', 'News', 'success', 'quotes']

input: gift
target: fashion
isCorrect: True
topN: ['fashion', 'style', 'beauty', 'news']

input: Goodreads
target: Giveaway
isCorrect: True
topN: ['Giveaway', 'giveaway', 'Cards', 'auction']

input: MAGA
target: privacy
isCorrect: True
topN: ['privacy', 'Buzz', 'health', 'Trump']

input: infant
target: fashion
isCorrect: False
topN: ['babies', 'sex', 'Healthcare', 'Nursing']

input: live
target: stream
isCorrect: True
topN: ['stream', 'Follow', 'news', 'SoundCloud']

input: Ascendant
target: Sagittarius
isCorrect: True
topN: ['Libra', 'Scorpio', 'Sagittarius', 'Capricorn']

input: architecture
target: deco
isCorrect: True
topN: ['design', 'deco', 'style', 'fashion']

input: fendi
target: auction
isCorrect: True
topN: ['auction', 'giveaway', 'Giveaway', 'fashion']

input: Riverview
target: FL
isCorrect: True
topN: ['FL', 'TX', 'CA', 'Marketing']

input: armani
target: auction
isCorrect: True
topN: ['auction', 'giveaway', 'Giveaway', 'fashion']

input: MAGA
target: privacy
isCorrect: True
topN: ['privacy', 'Buzz', 'health', 'Trump']

input: Valentine
target: love
isCorrect: True
topN: ['love', 'beauty', 'Follow', 'success']

input: amazon
target: fashion
isCorrect: True
topN: ['fashion', 'giveaway', 'beauty', 'news']

input: Ascendant
target: Capricorn
isCorrect: True
topN: ['Libra', 'Scorpio', 'Sagittarius', 'Capricorn']

input: choo
target: auction
isCorrect: True
topN: ['auction', 'giveaway', 'Giveaway', 'fashion']

input: architecture
target: deco
isCorrect: True
topN: ['design', 'deco', 'style', 'fashion']

input: Ascendant
target: Scorpio
isCorrect: True
topN: ['Libra', 'Scorpio', 'Sagittarius', 'Capricorn']

input: Finance
target: Startups
isCorrect: True
topN: ['Startups', 'entrepreneur', 'IT', 'SoundCloud']

input: Saturn
target: Sagittarius
isCorrect: True
topN: ['Sagittarius', 'Libra', 'Capricorn', 'Scorpio']

input: Ascendant
target: Scorpio
isCorrect: True
topN: ['Libra', 'Scorpio', 'Sagittarius', 'Capricorn']

input: live
target: stream
isCorrect: True
topN: ['stream', 'Follow', 'news', 'SoundCloud']

input: Ascendant
target: Sagittarius
isCorrect: True
topN: ['Libra', 'Scorpio', 'Sagittarius', 'Capricorn']

input: Cerritos
target: CA
isCorrect: True
topN: ['CA', 'FL', 'TX', 'Marketing']

input: Brooksville
target: FL
isCorrect: True
topN: ['FL', 'TX', 'Weather', 'CA']

input: success
target: quote
isCorrect: True
topN: ['quote', 'quotes', 'news', 'business']

input: moms
target: babies
isCorrect: True
topN: ['babies', 'Healthcare', 'Nursing', 'jobs']

input: moms
target: babies
isCorrect: True
topN: ['babies', 'Healthcare', 'Nursing', 'jobs']

input: startup
target: entrepreneur
isCorrect: True
topN: ['entrepreneur', 'business', 'Startups', 'marketing']

input: Spring
target: TX
isCorrect: False
topN: ['fashion', 'news', 'Weather', 'News']

input: AWS
target: Startups
isCorrect: False
topN: ['Retail', 'Music', 'Cards', 'Shoes']

input: Trending
target: entrepreneur
isCorrect: True
topN: ['News', 'entrepreneur', 'Music', 'music']

input: Denison
target: TX
isCorrect: True
topN: ['TX', 'FL', 'CA', 'Tech']

input: Houston
target: TX
isCorrect: True
topN: ['TX', 'FL', 'CA', 'Tech']

input: magic
target: NBA
isCorrect: False
topN: ['fashion', 'makeup', 'news', 'quotes']

input: moms
target: babies
isCorrect: True
topN: ['babies', 'Healthcare', 'Nursing', 'jobs']

input: cleveland
target: browns
isCorrect: True
topN: ['browns', 'deco', 'news', 'beauty']

input: win
target: Giveaway
isCorrect: True
topN: ['giveaway', 'Giveaway', 'free', 'auction']

input: Nets
target: NBA
isCorrect: True
topN: ['NBA', 'Cards', 'NFL', 'Retail']

input: hairdryer
target: beauty
isCorrect: False
topN: ['fashion', 'design', 'style', 'marketing']

input: win
target: Giveaway
isCorrect: True
topN: ['giveaway', 'Giveaway', 'free', 'auction']

input: Ascendant
target: Scorpio
isCorrect: True
topN: ['Libra', 'Scorpio', 'Sagittarius', 'Capricorn']

input: live
target: stream
isCorrect: True
topN: ['stream', 'Follow', 'news', 'SoundCloud']

input: Ascendant
target: Sagittarius
isCorrect: True
topN: ['Libra', 'Scorpio', 'Sagittarius', 'Capricorn']

input: moms
target: babies
isCorrect: True
topN: ['babies', 'Healthcare', 'Nursing', 'jobs']

input: Moreno
target: CA
isCorrect: False
topN: ['job', 'Job', 'news', 'Weather']

input: Deals
target: NBA
isCorrect: True
topN: ['NBA', 'NFL', 'Shoes', 'Retail']

input: fragrance
target: beauty
isCorrect: True
topN: ['beauty', 'fashion', 'makeup', 'love']

input: Free
target: free
isCorrect: False
topN: ['RT', 'MAGA', 'Startups', 'Tech']

input: Finance
target: Startups
isCorrect: True
topN: ['Startups', 'entrepreneur', 'IT', 'SoundCloud']

input: Miami
target: FL
isCorrect: True
topN: ['FL', 'TX', 'CA', 'Hospitality']

input: Pistons
target: NBA
isCorrect: True
topN: ['NBA', 'NFL', 'Steelers', 'Retail']

input: moms
target: babies
isCorrect: True
topN: ['babies', 'Healthcare', 'Nursing', 'jobs']

input: realestate
target: entrepreneur
isCorrect: False
topN: ['business', 'news', 'travel', 'quotes']

input: grammys
target: love
isCorrect: False
topN: ['music', 'MAGA', 'Music', 'Hospitality']

input: startup
target: entrepreneur
isCorrect: True
topN: ['entrepreneur', 'business', 'Startups', 'marketing']

input: Eyes
target: beauty
isCorrect: False
topN: ['music', 'fashion', 'Music', 'makeup']

input: fragrance
target: beauty
isCorrect: True
topN: ['beauty', 'fashion', 'makeup', 'love']

input: cleveland
target: browns
isCorrect: True
topN: ['browns', 'deco', 'news', 'beauty']

input: game
target: love
isCorrect: False
topN: ['news', 'giveaway', 'deals', 'quotes']

input: lego
target: build
isCorrect: True
topN: ['build', 'design', 'Follow', 'marketing']

input: lego
target: build
isCorrect: True
topN: ['build', 'design', 'Follow', 'marketing']

input: valentines
target: love
isCorrect: True
topN: ['love', 'beauty', 'food', 'fashion']

input: win
target: Giveaway
isCorrect: True
topN: ['giveaway', 'Giveaway', 'free', 'auction']

input: architecture
target: deco
isCorrect: True
topN: ['design', 'deco', 'style', 'fashion']

input: camp
target: beauty
isCorrect: True
topN: ['fitness', 'health', 'beauty', 'love']

input: lego
target: build
isCorrect: True
topN: ['build', 'design', 'Follow', 'marketing']

input: travel
target: holidays
isCorrect: True
topN: ['holidays', 'travel', 'Retail', 'Giveaway']

input: chanel
target: auction
isCorrect: True
topN: ['auction', 'giveaway', 'Giveaway', 'fashion']

input: Bakersfield
target: CA
isCorrect: True
topN: ['CA', 'job', 'jobs', 'Job']

input: architecture
target: deco
isCorrect: True
topN: ['design', 'deco', 'style', 'fashion']

input: Hornets
target: NBA
isCorrect: True
topN: ['NBA', 'NFL', 'Retail', 'Steelers']

input: architecture
target: deco
isCorrect: True
topN: ['design', 'deco', 'style', 'fashion']

input: Ascendant
target: Scorpio
isCorrect: True
topN: ['Libra', 'Scorpio', 'Sagittarius', 'Capricorn']

input: architecture
target: deco
isCorrect: True
topN: ['design', 'deco', 'style', 'fashion']

input: live
target: stream
isCorrect: True
topN: ['stream', 'Follow', 'news', 'SoundCloud']

input: Typhon
target: Scorpio
isCorrect: True
topN: ['Scorpio', 'Capricorn', 'Sagittarius', 'Libra']

input: Cocoa
target: FL
isCorrect: True
topN: ['FL', 'TX', 'CA', 'Hospitality']

input: LosAngeles
target: CA
isCorrect: True
topN: ['CA', 'FL', 'USA', 'TX']

input: moms
target: babies
isCorrect: True
topN: ['babies', 'Healthcare', 'Nursing', 'jobs']

input: travel
target: holidays
isCorrect: True
topN: ['holidays', 'travel', 'Retail', 'Giveaway']

input: Finance
target: Startups
isCorrect: True
topN: ['Startups', 'entrepreneur', 'IT', 'SoundCloud']

input: lego
target: build
isCorrect: True
topN: ['build', 'design', 'Follow', 'marketing']

input: live
target: stream
isCorrect: True
topN: ['stream', 'Follow', 'news', 'SoundCloud']

input: play
target: free
isCorrect: False
topN: ['giveaway', 'success', 'win', 'Giveaway']

input: Bradenton
target: FL
isCorrect: True
topN: ['FL', 'TX', 'CA', 'Hospitality']

input: MAGA
target: privacy
isCorrect: True
topN: ['privacy', 'Buzz', 'health', 'Trump']

input: lego
target: build
isCorrect: True
topN: ['build', 'design', 'Follow', 'marketing']

input: MAGA
target: privacy
isCorrect: True
topN: ['privacy', 'Buzz', 'health', 'Trump']

input: Ascendant
target: Sagittarius
isCorrect: True
topN: ['Libra', 'Scorpio', 'Sagittarius', 'Capricorn']

input: Ascendant
target: Sagittarius
isCorrect: True
topN: ['Libra', 'Scorpio', 'Sagittarius', 'Capricorn']

input: MORENO
target: CA
isCorrect: False
topN: ['job', 'Job', 'jobs', 'news']

input: Trending
target: entrepreneur
isCorrect: True
topN: ['News', 'entrepreneur', 'Music', 'music']

input: Modesto
target: CA
isCorrect: True
topN: ['CA', 'FL', 'TX', 'USA']

input: Ascendant
target: Capricorn
isCorrect: True
topN: ['Libra', 'Scorpio', 'Sagittarius', 'Capricorn']

input: Fortuna
target: CA
isCorrect: True
topN: ['CA', 'TX', 'FL', 'USA']

input: cleveland
target: browns
isCorrect: True
topN: ['browns', 'deco', 'news', 'beauty']

input: Deals
target: NBA
isCorrect: True
topN: ['NBA', 'NFL', 'Shoes', 'Retail']

input: travel
target: holidays
isCorrect: True
topN: ['holidays', 'travel', 'Retail', 'Giveaway']

input: Irvine
target: CA
isCorrect: True
topN: ['CA', 'Weather', 'news', 'News']

input: moms
target: babies
isCorrect: True
topN: ['babies', 'Healthcare', 'Nursing', 'jobs']

input: iphone
target: free
isCorrect: True
topN: ['free', 'giveaway', 'Giveaway', 'Cards']

input: Visalia
target: CA
isCorrect: True
topN: ['CA', 'FL', 'TX', 'Retail']

input: travel
target: holidays
isCorrect: True
topN: ['holidays', 'travel', 'Retail', 'Giveaway']

input: Finance
target: Startups
isCorrect: True
topN: ['Startups', 'entrepreneur', 'IT', 'SoundCloud']

input: focus
target: entrepreneur
isCorrect: False
topN: ['success', 'business', 'marketing', 'news']

input: iphone
target: free
isCorrect: True
topN: ['free', 'giveaway', 'Giveaway', 'Cards']

input: San
target: CA
isCorrect: True
topN: ['CA', 'FL', 'TX', 'USA']

input: Saturn
target: Sagittarius
isCorrect: True
topN: ['Sagittarius', 'Libra', 'Capricorn', 'Scorpio']

input: NBA
target: NBA
isCorrect: False
topN: ['Cards', 'Steelers', 'Retail', 'Giveaway']

input: Saturn
target: Sagittarius
isCorrect: True
topN: ['Sagittarius', 'Libra', 'Capricorn', 'Scorpio']

input: Leadership
target: quote
isCorrect: True
topN: ['quote', 'quotes', 'Marketing', 'marketing']

input: Deland
target: FL
isCorrect: True
topN: ['FL', 'Weather', 'TX', 'Job']

input: lego
target: build
isCorrect: True
topN: ['build', 'design', 'Follow', 'marketing']

input: travel
target: holidays
isCorrect: True
topN: ['holidays', 'travel', 'Retail', 'Giveaway']

input: startup
target: entrepreneur
isCorrect: True
topN: ['entrepreneur', 'business', 'Startups', 'marketing']

input: Ascendant
target: Capricorn
isCorrect: True
topN: ['Libra', 'Scorpio', 'Sagittarius', 'Capricorn']

input: FanDuel
target: NBA
isCorrect: True
topN: ['NBA', 'NFL', 'Steelers', 'Retail']

input: travel
target: holidays
isCorrect: True
topN: ['holidays', 'travel', 'Retail', 'Giveaway']

input: live
target: stream
isCorrect: True
topN: ['stream', 'Follow', 'news', 'SoundCloud']

input: Cupido
target: Capricorn
isCorrect: False
topN: ['Weather', 'win', 'Job', 'Music']

input: Jacksonville
target: FL
isCorrect: True
topN: ['FL', 'TX', 'CA', 'Marketing']

input: cleveland
target: browns
isCorrect: True
topN: ['browns', 'deco', 'news', 'beauty']

input: toastmasters
target: quote
isCorrect: False
topN: ['success', 'Marketing', 'business', 'marketing']

input: cleveland
target: browns
isCorrect: True
topN: ['browns', 'deco', 'news', 'beauty']

input: moms
target: babies
isCorrect: True
topN: ['babies', 'Healthcare', 'Nursing', 'jobs']

input: FanDuel
target: NBA
isCorrect: True
topN: ['NBA', 'NFL', 'Steelers', 'Retail']

input: Miami
target: FL
isCorrect: True
topN: ['FL', 'TX', 'CA', 'Hospitality']

input: moms
target: babies
isCorrect: True
topN: ['babies', 'Healthcare', 'Nursing', 'jobs']

input: Sun
target: Capricorn
isCorrect: True
topN: ['Capricorn', 'Sagittarius', 'Libra', 'Scorpio']

input: moms
target: babies
isCorrect: True
topN: ['babies', 'Healthcare', 'Nursing', 'jobs']

input: Saturn
target: Sagittarius
isCorrect: True
topN: ['Sagittarius', 'Libra', 'Capricorn', 'Scorpio']

input: Finance
target: Startups
isCorrect: True
topN: ['Startups', 'entrepreneur', 'IT', 'SoundCloud']

input: Finance
target: Startups
isCorrect: True
topN: ['Startups', 'entrepreneur', 'IT', 'SoundCloud']

input: startup
target: entrepreneur
isCorrect: True
topN: ['entrepreneur', 'business', 'Startups', 'marketing']

input: lego
target: build
isCorrect: True
topN: ['build', 'design', 'Follow', 'marketing']

input: Basketball
target: NBA
isCorrect: True
topN: ['Buzz', 'NBA', 'NFL', 'Marketing']

input: live
target: stream
isCorrect: True
topN: ['stream', 'Follow', 'news', 'SoundCloud']

input: Finance
target: Startups
isCorrect: True
topN: ['Startups', 'entrepreneur', 'IT', 'SoundCloud']

input: fendi
target: auction
isCorrect: True
topN: ['auction', 'giveaway', 'Giveaway', 'fashion']

input: Stuart
target: FL
isCorrect: False
topN: ['MAGA', 'Marketing', 'USA', 'Retail']

input: Finance
target: Startups
isCorrect: True
topN: ['Startups', 'entrepreneur', 'IT', 'SoundCloud']

input: Miami
target: FL
isCorrect: True
topN: ['FL', 'TX', 'CA', 'Hospitality']

input: Ascendant
target: Capricorn
isCorrect: True
topN: ['Libra', 'Scorpio', 'Sagittarius', 'Capricorn']

input: Ascendant
target: Capricorn
isCorrect: True
topN: ['Libra', 'Scorpio', 'Sagittarius', 'Capricorn']

input: Clearwater
target: FL
isCorrect: True
topN: ['FL', 'TX', 'CA', 'Marketing']

input: live
target: stream
isCorrect: True
topN: ['stream', 'Follow', 'news', 'SoundCloud']

input: cleveland
target: browns
isCorrect: True
topN: ['browns', 'deco', 'news', 'beauty']

input: startup
target: entrepreneur
isCorrect: True
topN: ['entrepreneur', 'business', 'Startups', 'marketing']

input: success
target: entrepreneur
isCorrect: False
topN: ['quote', 'quotes', 'news', 'business']

input: live
target: stream
isCorrect: True
topN: ['stream', 'Follow', 'news', 'SoundCloud']

input: lego
target: build
isCorrect: True
topN: ['build', 'design', 'Follow', 'marketing']

input: architecture
target: deco
isCorrect: True
topN: ['design', 'deco', 'style', 'fashion']

input: live
target: stream
isCorrect: True
topN: ['stream', 'Follow', 'news', 'SoundCloud']

input: Tallahassee
target: FL
isCorrect: True
topN: ['FL', 'TX', 'CA', 'Hospitality']

input: success
target: entrepreneur
isCorrect: False
topN: ['quote', 'quotes', 'news', 'business']

input: architecture
target: deco
isCorrect: True
topN: ['design', 'deco', 'style', 'fashion']

input: architecture
target: deco
isCorrect: True
topN: ['design', 'deco', 'style', 'fashion']

input: architecture
target: deco
isCorrect: True
topN: ['design', 'deco', 'style', 'fashion']

input: moms
target: babies
isCorrect: True
topN: ['babies', 'Healthcare', 'Nursing', 'jobs']

input: architecture
target: deco
isCorrect: True
topN: ['design', 'deco', 'style', 'fashion']

input: lego
target: build
isCorrect: True
topN: ['build', 'design', 'Follow', 'marketing']

input: cleveland
target: browns
isCorrect: True
topN: ['browns', 'deco', 'news', 'beauty']

input: moms
target: babies
isCorrect: True
topN: ['babies', 'Healthcare', 'Nursing', 'jobs']

input: moms
target: babies
isCorrect: True
topN: ['babies', 'Healthcare', 'Nursing', 'jobs']

input: moms
target: babies
isCorrect: True
topN: ['babies', 'Healthcare', 'Nursing', 'jobs']

input: quotes
target: entrepreneur
isCorrect: False
topN: ['quote', 'quotes', 'love', 'news']

input: moms
target: babies
isCorrect: True
topN: ['babies', 'Healthcare', 'Nursing', 'jobs']

input: startup
target: entrepreneur
isCorrect: True
topN: ['entrepreneur', 'business', 'Startups', 'marketing']

input: moms
target: babies
isCorrect: True
topN: ['babies', 'Healthcare', 'Nursing', 'jobs']

input: moms
target: babies
isCorrect: True
topN: ['babies', 'Healthcare', 'Nursing', 'jobs']

numCorrect: 255.0 percCorrect: 0.855704697987