
 ########################################## 
EPOCH: fashion
input: MLB
target: Cards
isCorrect: True
topN: ['NFL', 'Cards']

input: News
target: NBA
isCorrect: True
topN: ['RT', 'USA', 'Marketing', 'NBA']

input: Womens
target: Shoes
isCorrect: True
topN: ['Shoes']

input: sales
target: quote
isCorrect: False
topN: ['job', 'travel', 'Sales', 'marketing']

input: iphone
target: free
isCorrect: True
topN: ['win', 'RT', 'free']

input: lego
target: build
isCorrect: True
topN: ['deals', 'build']

input: MAGA
target: privacy
isCorrect: True
topN: ['MAGA', 'Trump', 'privacy']

input: UFC
target: Cards
isCorrect: True
topN: ['Cards', 'NFL']

input: moms
target: babies
isCorrect: True
topN: ['babies']

input: cleveland
target: browns
isCorrect: True
topN: ['browns']

input: UGG
target: auction
isCorrect: True
topN: ['auction']

input: cleveland
target: browns
isCorrect: True
topN: ['browns']

input: Ascendant
target: Sagittarius
isCorrect: True
topN: ['Sagittarius', 'Capricorn', 'Libra', 'Scorpio']

input: win
target: Giveaway
isCorrect: False
topN: ['love', 'win', 'holidays', 'free']

input: cleveland
target: browns
isCorrect: True
topN: ['browns']

input: jacobs
target: auction
isCorrect: True
topN: ['auction']

input: cleveland
target: browns
isCorrect: True
topN: ['browns']

input: cleveland
target: browns
isCorrect: True
topN: ['browns']

input: lego
target: build
isCorrect: True
topN: ['deals', 'build']

input: LosAngeles
target: CA
isCorrect: True
topN: ['USA', 'CA']

input: Finance
target: Startups
isCorrect: True
topN: ['Startups']

input: Giveaway
target: fashion
isCorrect: False
topN: ['win']

input: giveaway
target: win
isCorrect: False
topN: ['deals', 'style', 'giveaway', 'free']

input: Mercury
target: Capricorn
isCorrect: True
topN: ['Sagittarius', 'Capricorn']

input: SanDiego
target: CA
isCorrect: True
topN: ['job', 'CA']

input: Ascendant
target: Sagittarius
isCorrect: True
topN: ['Sagittarius', 'Capricorn', 'Libra', 'Scorpio']

input: live
target: stream
isCorrect: True
topN: ['sex', 'stream']

input: Spurs
target: NBA
isCorrect: False
topN: ['Cards']

input: iphone
target: free
isCorrect: True
topN: ['win', 'RT', 'free']

input: Ascendant
target: Libra
isCorrect: True
topN: ['Sagittarius', 'Capricorn', 'Libra', 'Scorpio']

input: einstein
target: quote
isCorrect: True
topN: ['quote']

input: MAGA
target: privacy
isCorrect: True
topN: ['MAGA', 'Trump', 'privacy']

input: giveaways
target: free
isCorrect: True
topN: ['free']

input: Eureka
target: CA
isCorrect: True
topN: ['CA']

input: giveaway
target: win
isCorrect: False
topN: ['deals', 'style', 'giveaway', 'free']

input: Orlando
target: FL
isCorrect: True
topN: ['FL']

input: quote
target: success
isCorrect: False
topN: ['love', 'business', 'music', 'win']

input: Fashion
target: Shoes
isCorrect: True
topN: ['Job', 'Shoes', 'Music']

input: food
target: love
isCorrect: True
topN: ['business', 'health', 'love']

input: GIVEAWAY
target: win
isCorrect: True
topN: ['win']

input: makeup
target: beauty
isCorrect: True
topN: ['beauty']

input: cleveland
target: browns
isCorrect: True
topN: ['browns']

input: makeup
target: beauty
isCorrect: True
topN: ['beauty']

input: lego
target: build
isCorrect: True
topN: ['deals', 'build']

input: makeup
target: beauty
isCorrect: True
topN: ['beauty']

input: Orlando
target: FL
isCorrect: True
topN: ['FL']

input: travel
target: holidays
isCorrect: False
topN: ['RT', 'love', 'food', 'quote']

input: Photography
target: Giveaway
isCorrect: True
topN: ['Giveaway']

input: Win
target: Giveaway
isCorrect: False
topN: ['RT', 'health', 'fitness', 'Follow']

input: entrepreneur
target: success
isCorrect: True
topN: ['health', 'success', 'quote', 'business']

input: live
target: stream
isCorrect: True
topN: ['sex', 'stream']

input: health
target: beauty
isCorrect: True
topN: ['love', 'fashion', 'jobs', 'beauty']

input: giveaway
target: win
isCorrect: False
topN: ['deals', 'style', 'giveaway', 'free']

input: Ascendant
target: Sagittarius
isCorrect: True
topN: ['Sagittarius', 'Capricorn', 'Libra', 'Scorpio']

input: Houston
target: TX
isCorrect: True
topN: ['job', 'TX']

input: moms
target: babies
isCorrect: True
topN: ['babies']

input: quote
target: free
isCorrect: False
topN: ['love', 'business', 'music', 'win']

input: Sports
target: Shoes
isCorrect: True
topN: ['RT', 'NBA', 'Shoes', 'News']

input: cleveland
target: browns
isCorrect: True
topN: ['browns']

input: Ascendant
target: Sagittarius
isCorrect: True
topN: ['Sagittarius', 'Capricorn', 'Libra', 'Scorpio']

input: gift
target: fashion
isCorrect: True
topN: ['free', 'fashion']

input: sales
target: success
isCorrect: False
topN: ['job', 'travel', 'Sales', 'marketing']

input: live
target: stream
isCorrect: True
topN: ['sex', 'stream']

input: Ascendant
target: Sagittarius
isCorrect: True
topN: ['Sagittarius', 'Capricorn', 'Libra', 'Scorpio']

input: armani
target: auction
isCorrect: True
topN: ['auction']

input: Best
target: Shoes
isCorrect: True
topN: ['Shoes']

input: travel
target: holidays
isCorrect: False
topN: ['RT', 'love', 'food', 'quote']

input: surveillance
target: privacy
isCorrect: True
topN: ['privacy']

input: moms
target: babies
isCorrect: True
topN: ['babies']

input: SanAntonio
target: TX
isCorrect: True
topN: ['TX']

input: bmw
target: auction
isCorrect: True
topN: ['auction']

input: Ascendant
target: Scorpio
isCorrect: True
topN: ['Sagittarius', 'Capricorn', 'Libra', 'Scorpio']

input: Mercury
target: Capricorn
isCorrect: True
topN: ['Sagittarius', 'Capricorn']

input: Eureka
target: CA
isCorrect: True
topN: ['CA']

input: leadership
target: success
isCorrect: True
topN: ['success', 'quote', 'entrepreneur', 'business']

input: quote
target: success
isCorrect: False
topN: ['love', 'business', 'music', 'win']

input: architecture
target: deco
isCorrect: True
topN: ['deco', 'design']

input: travel
target: holidays
isCorrect: False
topN: ['RT', 'love', 'food', 'quote']

input: live
target: stream
isCorrect: True
topN: ['sex', 'stream']

input: architecture
target: deco
isCorrect: True
topN: ['deco', 'design']

input: Sacramento
target: CA
isCorrect: True
topN: ['CA']

input: Ascendant
target: Scorpio
isCorrect: True
topN: ['Sagittarius', 'Capricorn', 'Libra', 'Scorpio']

input: armani
target: auction
isCorrect: True
topN: ['auction']

input: travel
target: holidays
isCorrect: False
topN: ['RT', 'love', 'food', 'quote']

input: thunder
target: NBA
isCorrect: True
topN: ['NBA']

input: Jesus
target: quote
isCorrect: True
topN: ['quote']

input: Finance
target: Startups
isCorrect: True
topN: ['Startups']

input: louboutin
target: auction
isCorrect: True
topN: ['auction']

input: fashion
target: style
isCorrect: True
topN: ['travel', 'free', 'style']

input: Kobe
target: Shoes
isCorrect: True
topN: ['Shoes']

input: Top
target: Shoes
isCorrect: True
topN: ['Shoes']

input: LosAngeles
target: CA
isCorrect: True
topN: ['USA', 'CA']

input: giveaway
target: win
isCorrect: False
topN: ['deals', 'style', 'giveaway', 'free']

input: Finance
target: Startups
isCorrect: True
topN: ['Startups']

input: SanDiego
target: CA
isCorrect: True
topN: ['job', 'CA']

input: giveaway
target: win
isCorrect: False
topN: ['deals', 'style', 'giveaway', 'free']

input: NEWS
target: fashion
isCorrect: True
topN: ['RT', 'fashion']

input: architecture
target: deco
isCorrect: True
topN: ['deco', 'design']

input: travel
target: holidays
isCorrect: False
topN: ['RT', 'love', 'food', 'quote']

input: cleveland
target: browns
isCorrect: True
topN: ['browns']

input: lego
target: build
isCorrect: True
topN: ['deals', 'build']

input: Ascendant
target: Scorpio
isCorrect: True
topN: ['Sagittarius', 'Capricorn', 'Libra', 'Scorpio']

input: smallbiz
target: success
isCorrect: False
topN: ['marketing', 'entrepreneur']

input: live
target: stream
isCorrect: True
topN: ['sex', 'stream']

input: Finance
target: Startups
isCorrect: True
topN: ['Startups']

input: Win
target: Giveaway
isCorrect: False
topN: ['RT', 'health', 'fitness', 'Follow']

input: Finance
target: Startups
isCorrect: True
topN: ['Startups']

input: cleveland
target: browns
isCorrect: True
topN: ['browns']

input: travel
target: holidays
isCorrect: False
topN: ['RT', 'love', 'food', 'quote']

input: Orlando
target: FL
isCorrect: True
topN: ['FL']

input: good
target: love
isCorrect: False
topN: ['health']

input: NFL
target: NBA
isCorrect: True
topN: ['NBA', 'Steelers', 'Cards']

input: lego
target: build
isCorrect: True
topN: ['deals', 'build']

input: quote
target: success
isCorrect: False
topN: ['love', 'business', 'music', 'win']

input: valentine
target: love
isCorrect: True
topN: ['love']

input: skincare
target: beauty
isCorrect: True
topN: ['health', 'fitness', 'beauty']

input: SanFrancisco
target: CA
isCorrect: True
topN: ['MAGA', 'love', 'IT', 'CA']

input: moms
target: babies
isCorrect: True
topN: ['babies']

input: moms
target: babies
isCorrect: True
topN: ['babies']

input: fashion
target: style
isCorrect: True
topN: ['travel', 'free', 'style']

input: Spurs
target: NBA
isCorrect: False
topN: ['Cards']

input: startup
target: entrepreneur
isCorrect: True
topN: ['tech', 'success', 'entrepreneur']

input: hair
target: beauty
isCorrect: False
topN: ['style', 'fashion']

input: quote
target: success
isCorrect: False
topN: ['love', 'business', 'music', 'win']

input: startup
target: entrepreneur
isCorrect: True
topN: ['tech', 'success', 'entrepreneur']

input: bmw
target: auction
isCorrect: True
topN: ['auction']

input: lego
target: build
isCorrect: True
topN: ['deals', 'build']

input: Womens
target: Shoes
isCorrect: True
topN: ['Shoes']

input: architecture
target: deco
isCorrect: True
topN: ['deco', 'design']

input: cleveland
target: browns
isCorrect: True
topN: ['browns']

input: travel
target: holidays
isCorrect: False
topN: ['RT', 'love', 'food', 'quote']

input: live
target: stream
isCorrect: True
topN: ['sex', 'stream']

input: architecture
target: deco
isCorrect: True
topN: ['deco', 'design']

input: moms
target: babies
isCorrect: True
topN: ['babies']

input: win
target: Giveaway
isCorrect: False
topN: ['love', 'win', 'holidays', 'free']

input: lego
target: build
isCorrect: True
topN: ['deals', 'build']

input: cleveland
target: browns
isCorrect: True
topN: ['browns']

input: live
target: stream
isCorrect: True
topN: ['sex', 'stream']

input: moms
target: babies
isCorrect: True
topN: ['babies']

input: Ascendant
target: Sagittarius
isCorrect: True
topN: ['Sagittarius', 'Capricorn', 'Libra', 'Scorpio']

input: Mercury
target: Capricorn
isCorrect: True
topN: ['Sagittarius', 'Capricorn']

input: moms
target: babies
isCorrect: True
topN: ['babies']

input: Finance
target: Startups
isCorrect: True
topN: ['Startups']

input: armani
target: auction
isCorrect: True
topN: ['auction']

input: MAGA
target: privacy
isCorrect: True
topN: ['MAGA', 'Trump', 'privacy']

input: lego
target: build
isCorrect: True
topN: ['deals', 'build']

input: Ascendant
target: Sagittarius
isCorrect: True
topN: ['Sagittarius', 'Capricorn', 'Libra', 'Scorpio']

input: fashion
target: style
isCorrect: True
topN: ['travel', 'free', 'style']

input: Deals
target: NBA
isCorrect: True
topN: ['Sales', 'Shoes', 'NBA']

input: cleveland
target: browns
isCorrect: True
topN: ['browns']

input: Saturn
target: Sagittarius
isCorrect: True
topN: ['Sagittarius']

input: style
target: fashion
isCorrect: True
topN: ['fashion']

input: armani
target: auction
isCorrect: True
topN: ['auction']

input: travel
target: holidays
isCorrect: False
topN: ['RT', 'love', 'food', 'quote']

input: MAGA
target: privacy
isCorrect: True
topN: ['MAGA', 'Trump', 'privacy']

input: MAGA
target: privacy
isCorrect: True
topN: ['MAGA', 'Trump', 'privacy']

input: MAGA
target: privacy
isCorrect: True
topN: ['MAGA', 'Trump', 'privacy']

input: travel
target: holidays
isCorrect: False
topN: ['RT', 'love', 'food', 'quote']

input: Finance
target: Startups
isCorrect: True
topN: ['Startups']

input: fragrance
target: beauty
isCorrect: True
topN: ['beauty']

input: Ascendant
target: Sagittarius
isCorrect: True
topN: ['Sagittarius', 'Capricorn', 'Libra', 'Scorpio']

input: architecture
target: deco
isCorrect: True
topN: ['deco', 'design']

input: Ascendant
target: Scorpio
isCorrect: True
topN: ['Sagittarius', 'Capricorn', 'Libra', 'Scorpio']

input: Ascendant
target: Capricorn
isCorrect: True
topN: ['Sagittarius', 'Capricorn', 'Libra', 'Scorpio']

input: architecture
target: deco
isCorrect: True
topN: ['deco', 'design']

input: lego
target: build
isCorrect: True
topN: ['deals', 'build']

input: travel
target: holidays
isCorrect: False
topN: ['RT', 'love', 'food', 'quote']

input: live
target: stream
isCorrect: True
topN: ['sex', 'stream']

input: fashion
target: style
isCorrect: True
topN: ['travel', 'free', 'style']

input: travel
target: holidays
isCorrect: False
topN: ['RT', 'love', 'food', 'quote']

input: live
target: stream
isCorrect: True
topN: ['sex', 'stream']

input: Ascendant
target: Scorpio
isCorrect: True
topN: ['Sagittarius', 'Capricorn', 'Libra', 'Scorpio']

input: fashion
target: style
isCorrect: True
topN: ['travel', 'free', 'style']

input: Saturn
target: Sagittarius
isCorrect: True
topN: ['Sagittarius']

input: Ascendant
target: Sagittarius
isCorrect: True
topN: ['Sagittarius', 'Capricorn', 'Libra', 'Scorpio']

input: sale
target: fashion
isCorrect: True
topN: ['fashion', 'deals']

input: Ascendant
target: Scorpio
isCorrect: True
topN: ['Sagittarius', 'Capricorn', 'Libra', 'Scorpio']

input: Ascendant
target: Scorpio
isCorrect: True
topN: ['Sagittarius', 'Capricorn', 'Libra', 'Scorpio']

input: moms
target: babies
isCorrect: True
topN: ['babies']

input: architecture
target: deco
isCorrect: True
topN: ['deco', 'design']

input: architecture
target: deco
isCorrect: True
topN: ['deco', 'design']

input: architecture
target: deco
isCorrect: True
topN: ['deco', 'design']

input: Ascendant
target: Sagittarius
isCorrect: True
topN: ['Sagittarius', 'Capricorn', 'Libra', 'Scorpio']

input: Ascendant
target: Capricorn
isCorrect: True
topN: ['Sagittarius', 'Capricorn', 'Libra', 'Scorpio']

input: lego
target: build
isCorrect: True
topN: ['deals', 'build']

input: Deals
target: NBA
isCorrect: True
topN: ['Sales', 'Shoes', 'NBA']

input: startup
target: entrepreneur
isCorrect: True
topN: ['tech', 'success', 'entrepreneur']

input: moms
target: babies
isCorrect: True
topN: ['babies']

input: NYFW
target: fashion
isCorrect: True
topN: ['fashion']

input: architecture
target: deco
isCorrect: True
topN: ['deco', 'design']

input: cleveland
target: browns
isCorrect: True
topN: ['browns']

input: lego
target: build
isCorrect: True
topN: ['deals', 'build']

input: live
target: stream
isCorrect: True
topN: ['sex', 'stream']

input: GRAMMYs
target: NBA
isCorrect: False
topN: ['MAGA']

input: Pluto
target: Capricorn
isCorrect: True
topN: ['Capricorn']

input: cleveland
target: browns
isCorrect: True
topN: ['browns']

input: travel
target: holidays
isCorrect: False
topN: ['RT', 'love', 'food', 'quote']

input: cleveland
target: browns
isCorrect: True
topN: ['browns']

input: Ascendant
target: Scorpio
isCorrect: True
topN: ['Sagittarius', 'Capricorn', 'Libra', 'Scorpio']

input: live
target: stream
isCorrect: True
topN: ['sex', 'stream']

input: Ascendant
target: Scorpio
isCorrect: True
topN: ['Sagittarius', 'Capricorn', 'Libra', 'Scorpio']

input: lego
target: build
isCorrect: True
topN: ['deals', 'build']

input: Saturn
target: Sagittarius
isCorrect: True
topN: ['Sagittarius']

input: architecture
target: deco
isCorrect: True
topN: ['deco', 'design']

input: live
target: stream
isCorrect: True
topN: ['sex', 'stream']

input: Deals
target: NBA
isCorrect: True
topN: ['Sales', 'Shoes', 'NBA']

input: dior
target: auction
isCorrect: True
topN: ['auction']

input: UGG
target: auction
isCorrect: True
topN: ['auction']

input: lego
target: build
isCorrect: True
topN: ['deals', 'build']

input: moms
target: babies
isCorrect: True
topN: ['babies']

input: fendi
target: auction
isCorrect: True
topN: ['auction']

input: Finance
target: Startups
isCorrect: True
topN: ['Startups']

input: Pluto
target: Capricorn
isCorrect: True
topN: ['Capricorn']

input: Finance
target: Startups
isCorrect: True
topN: ['Startups']

input: Entrepreneur
target: Startups
isCorrect: True
topN: ['entrepreneur', 'Startups']

input: Saturn
target: Sagittarius
isCorrect: True
topN: ['Sagittarius']

input: moms
target: babies
isCorrect: True
topN: ['babies']

input: Ascendant
target: Sagittarius
isCorrect: True
topN: ['Sagittarius', 'Capricorn', 'Libra', 'Scorpio']

input: Pluto
target: Capricorn
isCorrect: True
topN: ['Capricorn']

input: chanel
target: auction
isCorrect: True
topN: ['auction']

input: dior
target: auction
isCorrect: True
topN: ['auction']

input: Ascendant
target: Sagittarius
isCorrect: True
topN: ['Sagittarius', 'Capricorn', 'Libra', 'Scorpio']

input: architecture
target: deco
isCorrect: True
topN: ['deco', 'design']

input: startup
target: entrepreneur
isCorrect: True
topN: ['tech', 'success', 'entrepreneur']

input: Sun
target: Capricorn
isCorrect: True
topN: ['Capricorn']

input: cleveland
target: browns
isCorrect: True
topN: ['browns']

input: Finance
target: Startups
isCorrect: True
topN: ['Startups']

input: Ascendant
target: Sagittarius
isCorrect: True
topN: ['Sagittarius', 'Capricorn', 'Libra', 'Scorpio']

input: live
target: stream
isCorrect: True
topN: ['sex', 'stream']

input: architecture
target: deco
isCorrect: True
topN: ['deco', 'design']

input: bmw
target: auction
isCorrect: True
topN: ['auction']

input: coach
target: auction
isCorrect: True
topN: ['auction']

input: lego
target: build
isCorrect: True
topN: ['deals', 'build']

input: Miami
target: FL
isCorrect: True
topN: ['FL']

input: dior
target: auction
isCorrect: True
topN: ['auction']

input: Ascendant
target: Sagittarius
isCorrect: True
topN: ['Sagittarius', 'Capricorn', 'Libra', 'Scorpio']

input: startup
target: entrepreneur
isCorrect: True
topN: ['tech', 'success', 'entrepreneur']

input: Miami
target: FL
isCorrect: True
topN: ['FL']

input: live
target: stream
isCorrect: True
topN: ['sex', 'stream']

input: lego
target: build
isCorrect: True
topN: ['deals', 'build']

input: cleveland
target: browns
isCorrect: True
topN: ['browns']

input: lego
target: build
isCorrect: True
topN: ['deals', 'build']

input: live
target: stream
isCorrect: True
topN: ['sex', 'stream']

input: moms
target: babies
isCorrect: True
topN: ['babies']

input: cleveland
target: browns
isCorrect: True
topN: ['browns']

input: Finance
target: Startups
isCorrect: True
topN: ['Startups']

input: Tampa
target: FL
isCorrect: True
topN: ['FL']

input: Clearwater
target: FL
isCorrect: True
topN: ['job', 'FL']

input: architecture
target: deco
isCorrect: True
topN: ['deco', 'design']

input: Miami
target: FL
isCorrect: True
topN: ['FL']

input: cleveland
target: browns
isCorrect: True
topN: ['browns']

input: lego
target: build
isCorrect: True
topN: ['deals', 'build']

input: Saturn
target: Sagittarius
isCorrect: True
topN: ['Sagittarius']

input: Saturn
target: Sagittarius
isCorrect: True
topN: ['Sagittarius']

input: moms
target: babies
isCorrect: True
topN: ['babies']

input: architecture
target: deco
isCorrect: True
topN: ['deco', 'design']

input: architecture
target: deco
isCorrect: True
topN: ['deco', 'design']

input: moms
target: babies
isCorrect: True
topN: ['babies']

input: Ascendant
target: Sagittarius
isCorrect: True
topN: ['Sagittarius', 'Capricorn', 'Libra', 'Scorpio']

input: cleveland
target: browns
isCorrect: True
topN: ['browns']

input: moms
target: babies
isCorrect: True
topN: ['babies']

input: moms
target: babies
isCorrect: True
topN: ['babies']

input: cleveland
target: browns
isCorrect: True
topN: ['browns']

input: moms
target: babies
isCorrect: True
topN: ['babies']

numCorrect: 230 percCorrect: 0.771812080537