
 ########################################## 
EPOCH: giveaway
input: moms
target: babies
isCorrect: True
topN: ['babies']

input: Ascendant
target: Sagittarius
isCorrect: True
topN: ['Capricorn', 'Sagittarius', 'Libra', 'Scorpio']

input: fashion
target: style
isCorrect: True
topN: ['design', 'free', 'style']

input: Best
target: Shoes
isCorrect: True
topN: ['Shoes']

input: Rock
target: TX
isCorrect: False
topN: ['Music']

input: Ascendant
target: Sagittarius
isCorrect: True
topN: ['Capricorn', 'Sagittarius', 'Libra', 'Scorpio']

input: job
target: IT
isCorrect: False
topN: ['Tech', 'USA', 'Marketing', 'jobs']

input: happy
target: love
isCorrect: False
topN: ['entrepreneur']

input: listings
target: TX
isCorrect: True
topN: ['TX']

input: motivation
target: success
isCorrect: True
topN: ['RT', 'quote', 'fitness', 'success']

input: SanDiego
target: CA
isCorrect: True
topN: ['CA']

input: health
target: beauty
isCorrect: True
topN: ['love', 'beauty', 'fitness']

input: architecture
target: deco
isCorrect: True
topN: ['design', 'deco']

input: Ascendant
target: Scorpio
isCorrect: True
topN: ['Capricorn', 'Sagittarius', 'Libra', 'Scorpio']

input: giveaway
target: free
isCorrect: True
topN: ['deals', 'style', 'giveaway', 'free']

input: business
target: entrepreneur
isCorrect: True
topN: ['business', 'success', 'fitness', 'entrepreneur']

input: Ascendant
target: Scorpio
isCorrect: True
topN: ['Capricorn', 'Sagittarius', 'Libra', 'Scorpio']

input: Ascendant
target: Sagittarius
isCorrect: True
topN: ['Capricorn', 'Sagittarius', 'Libra', 'Scorpio']

input: boutique
target: fashion
isCorrect: True
topN: ['fashion']

input: mindset
target: success
isCorrect: True
topN: ['success']

input: travel
target: holidays
isCorrect: True
topN: ['deals', 'RT', 'quote', 'holidays']

input: porn
target: free
isCorrect: True
topN: ['free', 'sex']

input: fashion
target: style
isCorrect: True
topN: ['design', 'free', 'style']

input: travel
target: holidays
isCorrect: True
topN: ['deals', 'RT', 'quote', 'holidays']

input: moms
target: babies
isCorrect: True
topN: ['babies']

input: jewelry
target: beauty
isCorrect: True
topN: ['style', 'beauty']

input: Ascendant
target: Sagittarius
isCorrect: True
topN: ['Capricorn', 'Sagittarius', 'Libra', 'Scorpio']

input: moms
target: babies
isCorrect: True
topN: ['babies']

input: blog
target: fashion
isCorrect: True
topN: ['travel', 'business', 'fashion']

input: travel
target: holidays
isCorrect: True
topN: ['deals', 'RT', 'quote', 'holidays']

input: FREE
target: quote
isCorrect: False
topN: ['marketing', 'SoundCloud']

input: Ascendant
target: Capricorn
isCorrect: True
topN: ['Capricorn', 'Sagittarius', 'Libra', 'Scorpio']

input: design
target: style
isCorrect: False
topN: ['coins']

input: NBA
target: NBA
isCorrect: True
topN: ['NBA', 'Cards']

input: health
target: fashion
isCorrect: False
topN: ['love', 'beauty', 'fitness']

input: job
target: TX
isCorrect: False
topN: ['Tech', 'USA', 'Marketing', 'jobs']

input: cleveland
target: browns
isCorrect: True
topN: ['browns']

input: job
target: IT
isCorrect: False
topN: ['Tech', 'USA', 'Marketing', 'jobs']

input: Ascendant
target: Capricorn
isCorrect: True
topN: ['Capricorn', 'Sagittarius', 'Libra', 'Scorpio']

input: Finance
target: Startups
isCorrect: True
topN: ['Startups']

input: fragrance
target: beauty
isCorrect: True
topN: ['beauty']

input: architecture
target: deco
isCorrect: True
topN: ['design', 'deco']

input: architecture
target: deco
isCorrect: True
topN: ['design', 'deco']

input: work
target: style
isCorrect: False
topN: ['quote']

input: moms
target: babies
isCorrect: True
topN: ['babies']

input: Pluto
target: Capricorn
isCorrect: True
topN: ['Capricorn']

input: Best
target: Shoes
isCorrect: True
topN: ['Shoes']

input: MAGA
target: privacy
isCorrect: True
topN: ['USA', 'MAGA', 'Trump', 'privacy']

input: Good
target: Shoes
isCorrect: True
topN: ['Shoes']

input: quotes
target: quote
isCorrect: True
topN: ['health', 'love', 'entrepreneur', 'quote']

input: travel
target: holidays
isCorrect: True
topN: ['deals', 'RT', 'quote', 'holidays']

input: live
target: stream
isCorrect: True
topN: ['stream']

input: cleveland
target: browns
isCorrect: True
topN: ['browns']

input: Saturn
target: Sagittarius
isCorrect: True
topN: ['Sagittarius']

input: scifi
target: free
isCorrect: False
topN: ['deals']

input: Bradenton
target: FL
isCorrect: True
topN: ['FL']

input: moms
target: babies
isCorrect: True
topN: ['babies']

input: Win
target: Giveaway
isCorrect: False
topN: ['RT', 'health', 'fitness', 'Follow']

input: lego
target: build
isCorrect: True
topN: ['deals', 'build']

input: lego
target: build
isCorrect: True
topN: ['deals', 'build']

input: Houston
target: TX
isCorrect: True
topN: ['job', 'TX']

input: podcast
target: success
isCorrect: True
topN: ['entrepreneur', 'success', 'business']

input: Ascendant
target: Scorpio
isCorrect: True
topN: ['Capricorn', 'Sagittarius', 'Libra', 'Scorpio']

input: travel
target: holidays
isCorrect: True
topN: ['deals', 'RT', 'quote', 'holidays']

input: Killeen
target: TX
isCorrect: True
topN: ['TX']

input: Ascendant
target: Sagittarius
isCorrect: True
topN: ['Capricorn', 'Sagittarius', 'Libra', 'Scorpio']

input: cleveland
target: browns
isCorrect: True
topN: ['browns']

input: moms
target: babies
isCorrect: True
topN: ['babies']

input: cleveland
target: browns
isCorrect: True
topN: ['browns']

input: New
target: Shoes
isCorrect: True
topN: ['Follow', 'Shoes']

input: Riverview
target: FL
isCorrect: True
topN: ['FL']

input: marketing
target: entrepreneur
isCorrect: True
topN: ['RT', 'entrepreneur', 'marketing', 'quote']

input: live
target: stream
isCorrect: True
topN: ['stream']

input: tech
target: entrepreneur
isCorrect: False
topN: ['health', 'design', 'free', 'business']

input: Eureka
target: CA
isCorrect: True
topN: ['CA']

input: Ascendant
target: Capricorn
isCorrect: True
topN: ['Capricorn', 'Sagittarius', 'Libra', 'Scorpio']

input: lego
target: build
isCorrect: True
topN: ['deals', 'build']

input: chanel
target: auction
isCorrect: True
topN: ['auction']

input: NFL
target: NBA
isCorrect: True
topN: ['News', 'NBA', 'Steelers', 'Cards']

input: fashion
target: style
isCorrect: True
topN: ['design', 'free', 'style']

input: beauty
target: fashion
isCorrect: True
topN: ['love', 'fashion', 'makeup']

input: Spurs
target: NBA
isCorrect: False
topN: ['Cards']

input: health
target: beauty
isCorrect: True
topN: ['love', 'beauty', 'fitness']

input: thriller
target: free
isCorrect: True
topN: ['free']

input: bmw
target: auction
isCorrect: True
topN: ['auction']

input: live
target: stream
isCorrect: True
topN: ['stream']

input: win
target: Giveaway
isCorrect: False
topN: ['RT', 'love', 'business', 'holidays']

input: architecture
target: deco
isCorrect: True
topN: ['design', 'deco']

input: ethical
target: free
isCorrect: False
topN: ['business']

input: Ascendant
target: Scorpio
isCorrect: True
topN: ['Capricorn', 'Sagittarius', 'Libra', 'Scorpio']

input: android
target: free
isCorrect: True
topN: ['RT', 'free']

input: Womens
target: Shoes
isCorrect: True
topN: ['Shoes']

input: competition
target: win
isCorrect: True
topN: ['fashion', 'giveaway', 'business', 'win']

input: hair
target: style
isCorrect: False
topN: ['fashion', 'beauty']

input: jobs
target: TX
isCorrect: True
topN: ['TX']

input: Miami
target: FL
isCorrect: True
topN: ['job', 'FL']

input: giveaway
target: win
isCorrect: False
topN: ['deals', 'style', 'giveaway', 'free']

input: quote
target: success
isCorrect: False
topN: ['love', 'fitness', 'free', 'music']

input: Fashion
target: Shoes
isCorrect: True
topN: ['News', 'Music', 'Shoes']

input: Trending
target: entrepreneur
isCorrect: True
topN: ['Music', 'entrepreneur']

input: Valentine
target: love
isCorrect: True
topN: ['love']

input: Win
target: Giveaway
isCorrect: False
topN: ['RT', 'health', 'fitness', 'Follow']

input: Deals
target: NBA
isCorrect: True
topN: ['Sales', 'Shoes', 'NBA']

input: fashion
target: style
isCorrect: True
topN: ['design', 'free', 'style']

input: live
target: stream
isCorrect: True
topN: ['stream']

input: Leadership
target: quote
isCorrect: True
topN: ['Marketing', 'quote']

input: architecture
target: deco
isCorrect: True
topN: ['design', 'deco']

input: live
target: stream
isCorrect: True
topN: ['stream']

input: moms
target: babies
isCorrect: True
topN: ['babies']

input: Finance
target: Startups
isCorrect: True
topN: ['Startups']

input: giveaway
target: win
isCorrect: False
topN: ['deals', 'style', 'giveaway', 'free']

input: win
target: Giveaway
isCorrect: False
topN: ['RT', 'love', 'business', 'holidays']

input: MAGA
target: privacy
isCorrect: True
topN: ['USA', 'MAGA', 'Trump', 'privacy']

input: skincare
target: beauty
isCorrect: True
topN: ['health', 'beauty', 'fitness']

input: MAGA
target: privacy
isCorrect: True
topN: ['USA', 'MAGA', 'Trump', 'privacy']

input: Finance
target: Startups
isCorrect: True
topN: ['Startups']

input: Competition
target: win
isCorrect: True
topN: ['win']

input: Trending
target: entrepreneur
isCorrect: True
topN: ['Music', 'entrepreneur']

input: Best
target: Shoes
isCorrect: True
topN: ['Shoes']

input: startup
target: entrepreneur
isCorrect: True
topN: ['tech', 'success', 'entrepreneur']

input: Ascendant
target: Scorpio
isCorrect: True
topN: ['Capricorn', 'Sagittarius', 'Libra', 'Scorpio']

input: MAGA
target: privacy
isCorrect: True
topN: ['USA', 'MAGA', 'Trump', 'privacy']

input: travel
target: holidays
isCorrect: True
topN: ['deals', 'RT', 'quote', 'holidays']

input: Saturn
target: Sagittarius
isCorrect: True
topN: ['Sagittarius']

input: moms
target: babies
isCorrect: True
topN: ['babies']

input: Basketball
target: Shoes
isCorrect: True
topN: ['Shoes', 'Buzz', 'NBA']

input: coupons
target: free
isCorrect: False
topN: ['deals', 'food']

input: Miami
target: FL
isCorrect: True
topN: ['job', 'FL']

input: motivation
target: entrepreneur
isCorrect: False
topN: ['RT', 'quote', 'fitness', 'success']

input: moms
target: babies
isCorrect: True
topN: ['babies']

input: Tallahassee
target: FL
isCorrect: True
topN: ['FL']

input: fashion
target: free
isCorrect: True
topN: ['design', 'free', 'style']

input: Sacramento
target: CA
isCorrect: True
topN: ['job', 'CA']

input: Ascendant
target: Sagittarius
isCorrect: True
topN: ['Capricorn', 'Sagittarius', 'Libra', 'Scorpio']

input: architecture
target: deco
isCorrect: True
topN: ['design', 'deco']

input: Competition
target: win
isCorrect: True
topN: ['win']

input: Win
target: Giveaway
isCorrect: False
topN: ['RT', 'health', 'fitness', 'Follow']

input: SanDiego
target: CA
isCorrect: True
topN: ['CA']

input: Finance
target: Startups
isCorrect: True
topN: ['Startups']

input: Bradenton
target: FL
isCorrect: True
topN: ['FL']

input: competition
target: win
isCorrect: True
topN: ['fashion', 'giveaway', 'business', 'win']

input: love
target: style
isCorrect: False
topN: ['love', 'travel', 'free', 'entrepreneur']

input: fashion
target: style
isCorrect: True
topN: ['design', 'free', 'style']

input: architecture
target: deco
isCorrect: True
topN: ['design', 'deco']

input: startup
target: entrepreneur
isCorrect: True
topN: ['tech', 'success', 'entrepreneur']

input: style
target: fashion
isCorrect: True
topN: ['fashion']

input: Finance
target: Startups
isCorrect: True
topN: ['Startups']

input: live
target: stream
isCorrect: True
topN: ['stream']

input: chanel
target: auction
isCorrect: True
topN: ['auction']

input: hollywood
target: beauty
isCorrect: True
topN: ['design', 'beauty']

input: Ascendant
target: Capricorn
isCorrect: True
topN: ['Capricorn', 'Sagittarius', 'Libra', 'Scorpio']

input: iphone
target: free
isCorrect: True
topN: ['win', 'free']

input: Ascendant
target: Capricorn
isCorrect: True
topN: ['Capricorn', 'Sagittarius', 'Libra', 'Scorpio']

input: Saturn
target: Sagittarius
isCorrect: True
topN: ['Sagittarius']

input: startup
target: entrepreneur
isCorrect: True
topN: ['tech', 'success', 'entrepreneur']

input: Kobe
target: Shoes
isCorrect: True
topN: ['Shoes']

input: travel
target: holidays
isCorrect: True
topN: ['deals', 'RT', 'quote', 'holidays']

input: armani
target: auction
isCorrect: True
topN: ['auction']

input: fragrance
target: beauty
isCorrect: True
topN: ['beauty']

input: Orlando
target: FL
isCorrect: True
topN: ['job', 'FL']

input: cleveland
target: browns
isCorrect: True
topN: ['browns']

input: architecture
target: deco
isCorrect: True
topN: ['design', 'deco']

input: live
target: stream
isCorrect: True
topN: ['stream']

input: Ascendant
target: Scorpio
isCorrect: True
topN: ['Capricorn', 'Sagittarius', 'Libra', 'Scorpio']

input: Finance
target: Startups
isCorrect: True
topN: ['Startups']

input: Saturn
target: Sagittarius
isCorrect: True
topN: ['Sagittarius']

input: Top
target: Shoes
isCorrect: True
topN: ['Shoes']

input: porn
target: free
isCorrect: True
topN: ['free', 'sex']

input: gift
target: fashion
isCorrect: True
topN: ['travel', 'fashion']

input: Finance
target: Startups
isCorrect: True
topN: ['Startups']

input: bmw
target: auction
isCorrect: True
topN: ['auction']

input: Athletic
target: Shoes
isCorrect: True
topN: ['Shoes']

input: live
target: stream
isCorrect: True
topN: ['stream']

input: iphone
target: free
isCorrect: True
topN: ['win', 'free']

input: cleveland
target: browns
isCorrect: True
topN: ['browns']

input: lego
target: build
isCorrect: True
topN: ['deals', 'build']

input: Ascendant
target: Sagittarius
isCorrect: True
topN: ['Capricorn', 'Sagittarius', 'Libra', 'Scorpio']

input: Ascendant
target: Scorpio
isCorrect: True
topN: ['Capricorn', 'Sagittarius', 'Libra', 'Scorpio']

input: Nice
target: Shoes
isCorrect: True
topN: ['Shoes']

input: politics
target: fashion
isCorrect: False
topN: ['Trump']

input: startup
target: entrepreneur
isCorrect: True
topN: ['tech', 'success', 'entrepreneur']

input: lego
target: build
isCorrect: True
topN: ['deals', 'build']

input: UGG
target: auction
isCorrect: True
topN: ['auction']

input: live
target: stream
isCorrect: True
topN: ['stream']

input: architecture
target: deco
isCorrect: True
topN: ['design', 'deco']

input: live
target: stream
isCorrect: True
topN: ['stream']

input: Finance
target: Startups
isCorrect: True
topN: ['Startups']

input: Deals
target: NBA
isCorrect: True
topN: ['Sales', 'Shoes', 'NBA']

input: jacobs
target: auction
isCorrect: True
topN: ['auction']

input: moms
target: babies
isCorrect: True
topN: ['babies']

input: Deals
target: NBA
isCorrect: True
topN: ['Sales', 'Shoes', 'NBA']

input: startup
target: entrepreneur
isCorrect: True
topN: ['tech', 'success', 'entrepreneur']

input: travel
target: holidays
isCorrect: True
topN: ['deals', 'RT', 'quote', 'holidays']

input: GRAMMYs
target: NBA
isCorrect: False
topN: ['MAGA']

input: cleveland
target: browns
isCorrect: True
topN: ['browns']

input: lego
target: build
isCorrect: True
topN: ['deals', 'build']

input: cleveland
target: browns
isCorrect: True
topN: ['browns']

input: Deals
target: NBA
isCorrect: True
topN: ['Sales', 'Shoes', 'NBA']

input: Finance
target: Startups
isCorrect: True
topN: ['Startups']

input: Cocoa
target: FL
isCorrect: True
topN: ['FL']

input: Ascendant
target: Sagittarius
isCorrect: True
topN: ['Capricorn', 'Sagittarius', 'Libra', 'Scorpio']

input: moms
target: babies
isCorrect: True
topN: ['babies']

input: porsche
target: auction
isCorrect: True
topN: ['auction']

input: lego
target: build
isCorrect: True
topN: ['deals', 'build']

input: blog
target: fashion
isCorrect: True
topN: ['travel', 'business', 'fashion']

input: louboutin
target: auction
isCorrect: True
topN: ['auction']

input: architecture
target: deco
isCorrect: True
topN: ['design', 'deco']

input: lego
target: build
isCorrect: True
topN: ['deals', 'build']

input: lego
target: build
isCorrect: True
topN: ['deals', 'build']

input: lego
target: build
isCorrect: True
topN: ['deals', 'build']

input: Melbourne
target: FL
isCorrect: True
topN: ['FL']

input: travel
target: holidays
isCorrect: True
topN: ['deals', 'RT', 'quote', 'holidays']

input: cleveland
target: browns
isCorrect: True
topN: ['browns']

input: cleveland
target: browns
isCorrect: True
topN: ['browns']

input: architecture
target: deco
isCorrect: True
topN: ['design', 'deco']

input: lego
target: build
isCorrect: True
topN: ['deals', 'build']

input: moms
target: babies
isCorrect: True
topN: ['babies']

input: Entrepreneur
target: Startups
isCorrect: True
topN: ['Marketing', 'Startups', 'entrepreneur']

input: Miami
target: FL
isCorrect: True
topN: ['job', 'FL']

input: Ascendant
target: Sagittarius
isCorrect: True
topN: ['Capricorn', 'Sagittarius', 'Libra', 'Scorpio']

input: Ascendant
target: Sagittarius
isCorrect: True
topN: ['Capricorn', 'Sagittarius', 'Libra', 'Scorpio']

input: live
target: stream
isCorrect: True
topN: ['stream']

input: travel
target: holidays
isCorrect: True
topN: ['deals', 'RT', 'quote', 'holidays']

input: architecture
target: deco
isCorrect: True
topN: ['design', 'deco']

input: choo
target: auction
isCorrect: True
topN: ['auction']

input: mindset
target: entrepreneur
isCorrect: False
topN: ['success']

input: moms
target: babies
isCorrect: True
topN: ['babies']

input: boutique
target: fashion
isCorrect: True
topN: ['fashion']

input: architecture
target: deco
isCorrect: True
topN: ['design', 'deco']

input: moms
target: babies
isCorrect: True
topN: ['babies']

input: moms
target: babies
isCorrect: True
topN: ['babies']

input: realestate
target: entrepreneur
isCorrect: False
topN: ['news', 'travel', 'quote', 'business']

input: moms
target: babies
isCorrect: True
topN: ['babies']

input: Ascendant
target: Sagittarius
isCorrect: True
topN: ['Capricorn', 'Sagittarius', 'Libra', 'Scorpio']

input: Ascendant
target: Sagittarius
isCorrect: True
topN: ['Capricorn', 'Sagittarius', 'Libra', 'Scorpio']

input: Ascendant
target: Sagittarius
isCorrect: True
topN: ['Capricorn', 'Sagittarius', 'Libra', 'Scorpio']

input: startup
target: entrepreneur
isCorrect: True
topN: ['tech', 'success', 'entrepreneur']

input: Saturn
target: Sagittarius
isCorrect: True
topN: ['Sagittarius']

input: freebies
target: free
isCorrect: False
topN: ['giveaway']

input: Tampa
target: FL
isCorrect: True
topN: ['FL']

input: news
target: fashion
isCorrect: False
topN: ['love', 'USA', 'travel', 'Music']

input: startup
target: entrepreneur
isCorrect: True
topN: ['tech', 'success', 'entrepreneur']

input: lego
target: build
isCorrect: True
topN: ['deals', 'build']

input: lego
target: build
isCorrect: True
topN: ['deals', 'build']

input: lego
target: build
isCorrect: True
topN: ['deals', 'build']

input: Orlando
target: FL
isCorrect: True
topN: ['job', 'FL']

input: cleveland
target: browns
isCorrect: True
topN: ['browns']

input: smallbusiness
target: entrepreneur
isCorrect: True
topN: ['business', 'marketing', 'entrepreneur']

input: cleveland
target: browns
isCorrect: True
topN: ['browns']

input: smallbusiness
target: entrepreneur
isCorrect: True
topN: ['business', 'marketing', 'entrepreneur']

input: cleveland
target: browns
isCorrect: True
topN: ['browns']

input: leadership
target: entrepreneur
isCorrect: True
topN: ['quote', 'business', 'entrepreneur', 'success']

input: moms
target: babies
isCorrect: True
topN: ['babies']

input: moms
target: babies
isCorrect: True
topN: ['babies']

input: cleveland
target: browns
isCorrect: True
topN: ['browns']

numCorrect: 224 percCorrect: 0.751677852349